
(-1 . <Entity name: 7fc65fff3d80>) 
(0 . "CIRCLE") 
(330 . <Entity name: 7fc6689989f0>) 
(5 . "668") 
(100 . "AcDbEntity") 
(67 . 0) 
(410 . "Model") 
(8 . "0") 
(100 . "AcDbCircle") 
(10 91.5594 136.628 0.0) 
(40 . 4.0) 
(210 0.0 0.0 1.0) 
(-1 . <Entity name: 7fc65fff3d70>) 
(0 . "CIRCLE") 
(330 . <Entity name: 7fc6689989f0>) 
(5 . "667") 
(100 . "AcDbEntity") 
(67 . 0) 
(410 . "Model") 
(8 . "0") 
(100 . "AcDbCircle") 
(10 61.5594 106.628 0.0) 
(40 . 4.0) 
(210 0.0 0.0 1.0) 
(-1 . <Entity name: 7fc65fff3d60>) 
(0 . "LWPOLYLINE") 
(330 . <Entity name: 7fc6689989f0>) 
(5 . "666") 
(100 . "AcDbEntity") 
(67 . 0) 
(410 . "Model") 
(8 . "0") 
(100 . "AcDbPolyline") 
(90 . 5) 
(70 . 0) 
(43 . 0.0) 
(38 . 0.0) 
(39 . 0.0) 
(10 66.5594 101.628) 
(40 . 0.0) 
(41 . 0.0) 
(42 . 0.0) 
(91 . 0) 
(10 96.5594 131.628) 
(40 . 0.0) 
(41 . 0.0) 
(42 . 1.0) 
(91 . 0) 
(10 86.5594 141.628) 
(40 . 0.0) 
(41 . 0.0) 
(42 . 0.0) 
(91 . 0) 
(10 56.5594 111.628) 
(40 . 0.0) 
(41 . 0.0) 
(42 . 1.0) 
(91 . 0) 
(10 66.5594 101.628) 
(40 . 0.0) 
(41 . 0.0) 
(42 . 0.291167) 
(91 . 0) 
(210 0.0 0.0 1.0) 