
(-1 . <Entity name: 7fc5dfbc51e0>) 
(0 . "LWPOLYLINE") 
(330 . <Entity name: 7fc6689989f0>) 
(5 . "5B6") 
(100 . "AcDbEntity") 
(67 . 0) 
(410 . "Model") 
(8 . "0") 
(100 . "AcDbPolyline") 
(90 . 8) 
(70 . 0) 
(43 . 0.0) 
(38 . 0.0) 
(39 . 0.0) 
(10 25.6711 60.8884) 
(40 . 0.0) 
(41 . 0.0) 
(42 . 0.0655435) 
(91 . 0) 
(10 23.4236 63.8173) 
(40 . 0.0) 
(41 . 0.0) 
(42 . 0.0) 
(91 . 0) 
(10 25.0103 65.0348) 
(40 . 0.0) 
(41 . 0.0) 
(42 . 0.0) 
(91 . 0) 
(10 23.4884 67.0182) 
(40 . 0.0) 
(41 . 0.0) 
(42 . 0.0) 
(91 . 0) 
(10 28.5141 65.3967) 
(40 . 0.0) 
(41 . 0.0) 
(42 . 0.0) 
(91 . 0) 
(10 28.7797 60.1225) 
(40 . 0.0) 
(41 . 0.0) 
(42 . 0.0) 
(91 . 0) 
(10 27.2578 62.1059) 
(40 . 0.0) 
(41 . 0.0) 
(42 . 0.0) 
(91 . 0) 
(10 25.6711 60.8884) 
(40 . 0.0) 
(41 . 0.0) 
(42 . 0.0) 
(91 . 0) 
(210 0.0 0.0 1.0) 
(-1 . <Entity name: 7fc5dfbc51d0>) 
(0 . "CIRCLE") 
(330 . <Entity name: 7fc6689989f0>) 
(5 . "5B5") 
(100 . "AcDbEntity") 
(67 . 0) 
(410 . "Model") 
(8 . "0") 
(100 . "AcDbCircle") 
(10 13.4236 53.8173 0.0) 
(40 . 14.1421) 
(210 0.0 0.0 1.0) 
(-1 . <Entity name: 7fc5dfbc51c0>) 
(0 . "SPLINE") 
(330 . <Entity name: 7fc6689989f0>) 
(5 . "5B4") 
(100 . "AcDbEntity") 
(67 . 0) 
(410 . "Model") 
(8 . "0") 
(100 . "AcDbSpline") 
(210 0.0 0.0 1.0) 
(70 . 11) 
(71 . 3) 
(72 . 38) 
(73 . 34) 
(74 . 0) 
(42 . 1.0e-09) 
(43 . 1.0e-10) 
(40 . 0.0) 
(40 . 0.0) 
(40 . 0.0) 
(40 . 0.0) 
(40 . 0.292325) 
(40 . 0.292325) 
(40 . 0.584651) 
(40 . 0.584651) 
(40 . 0.876976) 
(40 . 0.876976) 
(40 . 1.46695) 
(40 . 1.46695) 
(40 . 2.05692) 
(40 . 2.05692) 
(40 . 2.48684) 
(40 . 2.48684) 
(40 . 2.8445) 
(40 . 2.8445) 
(40 . 3.20216) 
(40 . 3.20216) 
(40 . 3.55983) 
(40 . 3.55983) 
(40 . 3.91749) 
(40 . 3.91749) 
(40 . 4.27515) 
(40 . 4.27515) 
(40 . 4.63282) 
(40 . 4.63282) 
(40 . 5.14708) 
(40 . 5.14708) 
(40 . 5.66133) 
(40 . 5.66133) 
(40 . 6.00953) 
(40 . 6.00953) 
(40 . 6.28319) 
(40 . 6.28319) 
(40 . 6.28319) 
(40 . 6.28319) 
(10 22.9236 55.7673 0.0) 
(10 22.857 55.7673 0.0) 
(10 22.7892 55.7526 0.0) 
(10 22.6347 55.6767 0.0) 
(10 22.5489 55.6139 0.0) 
(10 22.3768 55.4278 0.0) 
(10 22.2913 55.305 0.0) 
(10 22.064 54.8588 0.0) 
(10 21.9574 54.4582 0.0) 
(10 21.904 53.6207 0.0) 
(10 21.9568 53.1862 0.0) 
(10 22.1579 52.5645 0.0) 
(10 22.2757 52.343 0.0) 
(10 22.5054 52.0549 0.0) 
(10 22.6133 51.9693 0.0) 
(10 22.8029 51.8744 0.0) 
(10 22.8829 51.8612 0.0) 
(10 23.0473 51.8775 0.0) 
(10 23.1375 51.9093 0.0) 
(10 23.3407 52.0569 0.0) 
(10 23.4507 52.1741 0.0) 
(10 23.6493 52.4924 0.0) 
(10 23.7374 52.6924 0.0) 
(10 23.8662 53.1426 0.0) 
(10 23.9071 53.3924 0.0) 
(10 23.9373 54.013 0.0) 
(10 23.8953 54.3882 0.0) 
(10 23.711 55.0365 0.0) 
(10 23.5682 55.3072 0.0) 
(10 23.3151 55.6035 0.0) 
(10 23.2114 55.68 0.0) 
(10 23.0493 55.7544 0.0) 
(10 22.986 55.7673 0.0) 
(10 22.9236 55.7673 0.0) 
(-1 . <Entity name: 7fc5dfbc51b0>) 
(0 . "ELLIPSE") 
(330 . <Entity name: 7fc6689989f0>) 
(5 . "5B3") 
(100 . "AcDbEntity") 
(67 . 0) 
(410 . "Model") 
(8 . "0") 
(100 . "AcDbEllipse") 
(10 22.9236 53.8173 0.0) 
(11 0.0 2.45 0.0) 
(210 0.0 0.0 1.0) 
(40 . 0.612245) 
(41 . 0.0) 
(42 . 6.28319) 
(-1 . <Entity name: 7fc5dfbc51a0>) 
(0 . "LWPOLYLINE") 
(330 . <Entity name: 7fc6689989f0>) 
(5 . "5B2") 
(100 . "AcDbEntity") 
(67 . 0) 
(410 . "Model") 
(8 . "0") 
(100 . "AcDbPolyline") 
(90 . 7) 
(70 . 0) 
(43 . 0.0) 
(38 . 0.0) 
(39 . 0.0) 
(10 17.4236 55.8173) 
(40 . 0.0) 
(41 . 0.0) 
(42 . 0.0) 
(91 . 0) 
(10 17.9236 55.8173) 
(40 . 0.0) 
(41 . 0.0) 
(42 . 0.0) 
(91 . 0) 
(10 18.4236 52.8173) 
(40 . 0.0) 
(41 . 0.0) 
(42 . 0.0) 
(91 . 0) 
(10 18.9236 55.8173) 
(40 . 0.0) 
(41 . 0.0) 
(42 . 0.0) 
(91 . 0) 
(10 19.4236 55.8173) 
(40 . 0.0) 
(41 . 0.0) 
(42 . 0.0) 
(91 . 0) 
(10 18.4236 51.3173) 
(40 . 0.0) 
(41 . 0.0) 
(42 . 0.0) 
(91 . 0) 
(10 17.4236 55.8173) 
(40 . 0.0) 
(41 . 0.0) 
(42 . 0.0) 
(91 . 0) 
(210 0.0 0.0 1.0) 
(-1 . <Entity name: 7fc5dfbc5190>) 
(0 . "LWPOLYLINE") 
(330 . <Entity name: 7fc6689989f0>) 
(5 . "5B1") 
(100 . "AcDbEntity") 
(67 . 0) 
(410 . "Model") 
(8 . "0") 
(100 . "AcDbPolyline") 
(90 . 7) 
(70 . 0) 
(43 . 0.0) 
(38 . 0.0) 
(39 . 0.0) 
(10 12.9236 55.8173) 
(40 . 0.0) 
(41 . 0.0) 
(42 . 0.0) 
(91 . 0) 
(10 13.4236 55.8173) 
(40 . 0.0) 
(41 . 0.0) 
(42 . 0.0) 
(91 . 0) 
(10 13.4236 51.8173) 
(40 . 0.0) 
(41 . 0.0) 
(42 . 0.0) 
(91 . 0) 
(10 15.4236 51.8173) 
(40 . 0.0) 
(41 . 0.0) 
(42 . 0.0) 
(91 . 0) 
(10 15.4236 51.3173) 
(40 . 0.0) 
(41 . 0.0) 
(42 . 0.0) 
(91 . 0) 
(10 12.9236 51.3173) 
(40 . 0.0) 
(41 . 0.0) 
(42 . 0.0) 
(91 . 0) 
(10 12.9236 55.8173) 
(40 . 0.0) 
(41 . 0.0) 
(42 . 0.0) 
(91 . 0) 
(210 0.0 0.0 1.0) 
(-1 . <Entity name: 7fc5dfbc5180>) 
(0 . "SPLINE") 
(330 . <Entity name: 7fc6689989f0>) 
(5 . "5B0") 
(100 . "AcDbEntity") 
(67 . 0) 
(410 . "Model") 
(8 . "0") 
(100 . "AcDbSpline") 
(210 0.0 0.0 1.0) 
(70 . 11) 
(71 . 3) 
(72 . 38) 
(73 . 34) 
(74 . 0) 
(42 . 1.0e-09) 
(43 . 1.0e-10) 
(40 . 0.0) 
(40 . 0.0) 
(40 . 0.0) 
(40 . 0.0) 
(40 . 0.292325) 
(40 . 0.292325) 
(40 . 0.584651) 
(40 . 0.584651) 
(40 . 0.876976) 
(40 . 0.876976) 
(40 . 1.46695) 
(40 . 1.46695) 
(40 . 2.05692) 
(40 . 2.05692) 
(40 . 2.48684) 
(40 . 2.48684) 
(40 . 2.8445) 
(40 . 2.8445) 
(40 . 3.20216) 
(40 . 3.20216) 
(40 . 3.55983) 
(40 . 3.55983) 
(40 . 3.91749) 
(40 . 3.91749) 
(40 . 4.27515) 
(40 . 4.27515) 
(40 . 4.63282) 
(40 . 4.63282) 
(40 . 5.14708) 
(40 . 5.14708) 
(40 . 5.66133) 
(40 . 5.66133) 
(40 . 6.00953) 
(40 . 6.00953) 
(40 . 6.28319) 
(40 . 6.28319) 
(40 . 6.28319) 
(40 . 6.28319) 
(10 8.42363 55.7673 0.0) 
(10 8.35704 55.7673 0.0) 
(10 8.28916 55.7526 0.0) 
(10 8.13469 55.6767 0.0) 
(10 8.04886 55.6139 0.0) 
(10 7.87675 55.4278 0.0) 
(10 7.79125 55.305 0.0) 
(10 7.56403 54.8588 0.0) 
(10 7.45742 54.4582 0.0) 
(10 7.40398 53.6207 0.0) 
(10 7.45677 53.1862 0.0) 
(10 7.65792 52.5645 0.0) 
(10 7.77568 52.343 0.0) 
(10 8.00544 52.0549 0.0) 
(10 8.11334 51.9693 0.0) 
(10 8.30295 51.8744 0.0) 
(10 8.38294 51.8612 0.0) 
(10 8.54735 51.8775 0.0) 
(10 8.63749 51.9093 0.0) 
(10 8.84074 52.0569 0.0) 
(10 8.95068 52.1741 0.0) 
(10 9.14927 52.4924 0.0) 
(10 9.2374 52.6924 0.0) 
(10 9.36623 53.1426 0.0) 
(10 9.40705 53.3924 0.0) 
(10 9.43735 54.013 0.0) 
(10 9.39533 54.3882 0.0) 
(10 9.21104 55.0365 0.0) 
(10 9.0682 55.3072 0.0) 
(10 8.81508 55.6035 0.0) 
(10 8.71144 55.68 0.0) 
(10 8.54926 55.7544 0.0) 
(10 8.48596 55.7673 0.0) 
(10 8.42363 55.7673 0.0) 
(-1 . <Entity name: 7fc5dfbc5170>) 
(0 . "ELLIPSE") 
(330 . <Entity name: 7fc6689989f0>) 
(5 . "5AF") 
(100 . "AcDbEntity") 
(67 . 0) 
(410 . "Model") 
(8 . "0") 
(100 . "AcDbEllipse") 
(10 8.42363 53.8173 0.0) 
(11 0.0 2.45 0.0) 
(210 0.0 0.0 1.0) 
(40 . 0.612245) 
(41 . 0.0) 
(42 . 6.28319) 
(-1 . <Entity name: 7fc5dfbc5160>) 
(0 . "LWPOLYLINE") 
(330 . <Entity name: 7fc6689989f0>) 
(5 . "5AE") 
(100 . "AcDbEntity") 
(67 . 0) 
(410 . "Model") 
(8 . "0") 
(100 . "AcDbPolyline") 
(90 . 7) 
(70 . 0) 
(43 . 0.0) 
(38 . 0.0) 
(39 . 0.0) 
(10 2.42363 55.8173) 
(40 . 0.0) 
(41 . 0.0) 
(42 . 0.0) 
(91 . 0) 
(10 2.92363 55.8173) 
(40 . 0.0) 
(41 . 0.0) 
(42 . 0.0) 
(91 . 0) 
(10 3.42363 52.8173) 
(40 . 0.0) 
(41 . 0.0) 
(42 . 0.0) 
(91 . 0) 
(10 3.92363 55.8173) 
(40 . 0.0) 
(41 . 0.0) 
(42 . 0.0) 
(91 . 0) 
(10 4.42363 55.8173) 
(40 . 0.0) 
(41 . 0.0) 
(42 . 0.0) 
(91 . 0) 
(10 3.42363 51.3173) 
(40 . 0.0) 
(41 . 0.0) 
(42 . 0.0) 
(91 . 0) 
(10 2.42363 55.8173) 
(40 . 0.0) 
(41 . 0.0) 
(42 . 0.0) 
(91 . 0) 
(210 0.0 0.0 1.0) 
(-1 . <Entity name: 7fc5dfbc5150>) 
(0 . "LWPOLYLINE") 
(330 . <Entity name: 7fc6689989f0>) 
(5 . "5AD") 
(100 . "AcDbEntity") 
(67 . 0) 
(410 . "Model") 
(8 . "0") 
(100 . "AcDbPolyline") 
(90 . 3) 
(70 . 0) 
(43 . 0.0) 
(38 . 0.0) 
(39 . 0.0) 
(10 24.4236 50.8173) 
(40 . 0.0) 
(41 . 0.0) 
(42 . 0.0) 
(91 . 0) 
(10 2.42363 50.8173) 
(40 . 0.0) 
(41 . 0.0) 
(42 . 0.763796) 
(91 . 0) 
(10 24.4236 50.8173) 
(40 . 0.0) 
(41 . 0.0) 
(42 . 0.763796) 
(91 . 0) 
(210 0.0 0.0 1.0) 
(-1 . <Entity name: 7fc5dfbc5140>) 
(0 . "LWPOLYLINE") 
(330 . <Entity name: 7fc6689989f0>) 
(5 . "5AC") 
(100 . "AcDbEntity") 
(67 . 0) 
(410 . "Model") 
(8 . "0") 
(100 . "AcDbPolyline") 
(90 . 3) 
(70 . 0) 
(43 . 0.0) 
(38 . 0.0) 
(39 . 0.0) 
(10 2.42363 56.8173) 
(40 . 0.0) 
(41 . 0.0) 
(42 . 0.0) 
(91 . 0) 
(10 24.4236 56.8173) 
(40 . 0.0) 
(41 . 0.0) 
(42 . 0.763796) 
(91 . 0) 
(10 2.42363 56.8173) 
(40 . 0.0) 
(41 . 0.0) 
(42 . 0.763796) 
(91 . 0) 
(210 0.0 0.0 1.0) 