
(-1 . <Entity name: 7fc65fff3b80>) 
(0 . "LWPOLYLINE") 
(330 . <Entity name: 7fc6689989f0>) 
(5 . "648") 
(100 . "AcDbEntity") 
(67 . 0) 
(410 . "Model") 
(8 . "0") 
(100 . "AcDbPolyline") 
(90 . 4) 
(70 . 1) 
(43 . 0.0) 
(38 . 0.0) 
(39 . 0.0) 
(10 173.232 64.1204) 
(40 . 0.0) 
(41 . 0.0) 
(42 . 1.87636) 
(91 . 0) 
(10 173.232 85.2883) 
(40 . 0.0) 
(41 . 0.0) 
(42 . -0.447242) 
(91 . 0) 
(10 163.12 87.8663) 
(40 . 0.0) 
(41 . 0.0) 
(42 . 4.08592) 
(91 . 0) 
(10 163.12 61.5424) 
(40 . 0.0) 
(41 . 0.0) 
(42 . -0.447242) 
(91 . 0) 
(210 0.0 0.0 1.0) 
(-1 . <Entity name: 7fc65fff3b70>) 
(0 . "LWPOLYLINE") 
(330 . <Entity name: 7fc6689989f0>) 
(5 . "647") 
(100 . "AcDbEntity") 
(67 . 0) 
(410 . "Model") 
(8 . "0") 
(100 . "AcDbPolyline") 
(90 . 28) 
(70 . 1) 
(43 . 0.0) 
(38 . 0.0) 
(39 . 0.0) 
(10 198.142 83.8232) 
(40 . 0.0) 
(41 . 0.0) 
(42 . 0.295106) 
(91 . 0) 
(10 200.963 82.1948) 
(40 . 0.0) 
(41 . 0.0) 
(42 . -1.05179) 
(91 . 0) 
(10 200.963 67.2139) 
(40 . 0.0) 
(41 . 0.0) 
(42 . 0.295106) 
(91 . 0) 
(10 198.142 65.5856) 
(40 . 0.0) 
(41 . 0.0) 
(42 . -0.404617) 
(91 . 0) 
(10 171.813 56.614) 
(40 . 0.0) 
(41 . 0.0) 
(42 . 0.377722) 
(91 . 0) 
(10 168.002 55.5111) 
(40 . 0.0) 
(41 . 0.0) 
(42 . -0.0405975) 
(91 . 0) 
(10 164.504 50.8897) 
(40 . 0.0) 
(41 . 0.0) 
(42 . 0.249025) 
(91 . 0) 
(10 163.833 48.1571) 
(40 . 0.0) 
(41 . 0.0) 
(42 . -0.710103) 
(91 . 0) 
(10 152.011 40.3598) 
(40 . 0.0) 
(41 . 0.0) 
(42 . 0.249025) 
(91 . 0) 
(10 149.235 40.8185) 
(40 . 0.0) 
(41 . 0.0) 
(42 . -0.13948) 
(91 . 0) 
(10 129.692 39.8957) 
(40 . 0.0) 
(41 . 0.0) 
(42 . 0.249025) 
(91 . 0) 
(10 126.971 39.1774) 
(40 . 0.0) 
(41 . 0.0) 
(42 . -0.710103) 
(91 . 0) 
(10 114.467 45.826) 
(40 . 0.0) 
(41 . 0.0) 
(42 . 0.249025) 
(91 . 0) 
(10 113.541 48.4832) 
(40 . 0.0) 
(41 . 0.0) 
(42 . -0.142119) 
(91 . 0) 
(10 103.281 65.5585) 
(40 . 0.0) 
(41 . 0.0) 
(42 . 0.249025) 
(91 . 0) 
(10 101.37 67.6234) 
(40 . 0.0) 
(41 . 0.0) 
(42 . -0.710103) 
(91 . 0) 
(10 101.37 81.7854) 
(40 . 0.0) 
(41 . 0.0) 
(42 . 0.249025) 
(91 . 0) 
(10 103.281 83.8503) 
(40 . 0.0) 
(41 . 0.0) 
(42 . -0.142119) 
(91 . 0) 
(10 113.541 100.926) 
(40 . 0.0) 
(41 . 0.0) 
(42 . 0.249025) 
(91 . 0) 
(10 114.467 103.583) 
(40 . 0.0) 
(41 . 0.0) 
(42 . -0.710103) 
(91 . 0) 
(10 126.971 110.231) 
(40 . 0.0) 
(41 . 0.0) 
(42 . 0.249025) 
(91 . 0) 
(10 129.692 109.513) 
(40 . 0.0) 
(41 . 0.0) 
(42 . -0.155495) 
(91 . 0) 
(10 151.336 107.81) 
(40 . 0.0) 
(41 . 0.0) 
(42 . 0.249025) 
(91 . 0) 
(10 154.135 108.094) 
(40 . 0.0) 
(41 . 0.0) 
(42 . -0.710103) 
(91 . 0) 
(10 165.445 99.571) 
(40 . 0.0) 
(41 . 0.0) 
(42 . 0.249025) 
(91 . 0) 
(10 165.944 96.8018) 
(40 . 0.0) 
(41 . 0.0) 
(42 . -0.0249071) 
(91 . 0) 
(10 168.002 93.8976) 
(40 . 0.0) 
(41 . 0.0) 
(42 . 0.377722) 
(91 . 0) 
(10 171.813 92.7947) 
(40 . 0.0) 
(41 . 0.0) 
(42 . -0.404617) 
(91 . 0) 
(210 0.0 0.0 1.0) 
(-1 . <Entity name: 7fc65fff3b60>) 
(0 . "CIRCLE") 
(330 . <Entity name: 7fc6689989f0>) 
(5 . "646") 
(100 . "AcDbEntity") 
(67 . 0) 
(410 . "Model") 
(8 . "0") 
(100 . "AcDbCircle") 
(10 121.879 104.725 0.0) 
(40 . 3.5) 
(210 0.0 0.0 1.0) 
(-1 . <Entity name: 7fc65fff3b50>) 
(0 . "CIRCLE") 
(330 . <Entity name: 7fc6689989f0>) 
(5 . "645") 
(100 . "AcDbEntity") 
(67 . 0) 
(410 . "Model") 
(8 . "0") 
(100 . "AcDbCircle") 
(10 158.303 101.858 0.0) 
(40 . 3.5) 
(210 0.0 0.0 1.0) 
(-1 . <Entity name: 7fc65fff3b40>) 
(0 . "CIRCLE") 
(330 . <Entity name: 7fc6689989f0>) 
(5 . "644") 
(100 . "AcDbEntity") 
(67 . 0) 
(410 . "Model") 
(8 . "0") 
(100 . "AcDbCircle") 
(10 121.879 44.6842 0.0) 
(40 . 3.5) 
(210 0.0 0.0 1.0) 
(-1 . <Entity name: 7fc65fff3b30>) 
(0 . "CIRCLE") 
(330 . <Entity name: 7fc6689989f0>) 
(5 . "643") 
(100 . "AcDbEntity") 
(67 . 0) 
(410 . "Model") 
(8 . "0") 
(100 . "AcDbCircle") 
(10 156.561 46.3218 0.0) 
(40 . 3.5) 
(210 0.0 0.0 1.0) 
(-1 . <Entity name: 7fc65fff3b20>) 
(0 . "CIRCLE") 
(330 . <Entity name: 7fc6689989f0>) 
(5 . "642") 
(100 . "AcDbEntity") 
(67 . 0) 
(410 . "Model") 
(8 . "0") 
(100 . "AcDbCircle") 
(10 201.341 74.7044 0.0) 
(40 . 3.5) 
(210 0.0 0.0 1.0) 
(-1 . <Entity name: 7fc65fff3b10>) 
(0 . "CIRCLE") 
(330 . <Entity name: 7fc6689989f0>) 
(5 . "641") 
(100 . "AcDbEntity") 
(67 . 0) 
(410 . "Model") 
(8 . "0") 
(100 . "AcDbCircle") 
(10 103.841 74.7044 0.0) 
(40 . 3.5) 
(210 0.0 0.0 1.0) 