(-1 . <Entity name: 7fc21e393470>) 
(0 . "CIRCLE") 
(330 . <Entity name: 7fc29b6de1f0>) 
(5 . "3F7") 
(100 . "AcDbEntity") 
(67 . 0) 
(410 . "Model") 
(8 . "0") 
(100 . "AcDbCircle") 
(10 64.7171 3.27512 0.0) 
(40 . 5.0) 
(210 0.0 0.0 1.0) 
entget of last entity:
(-1 . <Entity name: 7fc21e393460>) 
(0 . "CIRCLE") 
(330 . <Entity name: 7fc29b6de1f0>) 
(5 . "3F6") 
(100 . "AcDbEntity") 
(67 . 0) 
(410 . "Model") 
(8 . "0") 
(100 . "AcDbCircle") 
(10 94.7171 3.27512 0.0) 
(40 . 5.0) 
(210 0.0 0.0 1.0) 
entget of last entity:
(-1 . <Entity name: 7fc21e393450>) 
(0 . "LWPOLYLINE") 
(5 . "3F5") 
(102 . "{ACAD_REACTORS") 
(330 . <Entity name: 7fc21e393490>) 
(330 . <Entity name: 7fc21e3934a0>) 
(102 . "}") 
(330 . <Entity name: 7fc29b6de1f0>) 
(100 . "AcDbEntity") 
(67 . 0) 
(410 . "Model") 
(8 . "0") 
(100 . "AcDbPolyline") 
(90 . 4) 
(70 . 1) 
(43 . 0.0) 
(38 . 0.0) 
(39 . 0.0) 
(10 64.7171 -6.72488) 
(40 . 0.0) 
(41 . 0.0) 
(42 . 0.0) 
(91 . 3) 
(10 94.7171 -6.72488) 
(40 . 0.0) 
(41 . 0.0) 
(42 . 1.0) 
(91 . 4) 
(10 94.7171 13.2751) 
(40 . 0.0) 
(41 . 0.0) 
(42 . 0.0) 
(91 . 1) 
(10 64.7171 13.2751) 
(40 . 0.0) 
(41 . 0.0) 
(42 . 1.0) 
(91 . 2) 
(210 0.0 0.0 1.0) 