(-1 . <Entity name: 7fc21e393440>) 
(0 . "LWPOLYLINE") 
(330 . <Entity name: 7fc29b6de1f0>) 
(5 . "3F4") 
(100 . "AcDbEntity") 
(67 . 0) 
(410 . "Model") 
(8 . "0") 
(100 . "AcDbPolyline") 
(90 . 7) 
(70 . 1) 
(43 . 0.0) 
(38 . 0.0) 
(39 . 0.0) 
(10 15.392 11.8366) 
(40 . 0.0) 
(41 . 0.0) 
(42 . 0.0) 
(91 . 0) 
(10 55.5293 61.1084) 
(40 . 0.0) 
(41 . 0.0) 
(42 . 0.99414) 
(91 . 0) 
(10 10.0797 98.5786) 
(40 . 0.0) 
(41 . 0.0) 
(42 . 0.0) 
(91 . 0) 
(10 -48.9606 90.0645) 
(40 . 0.0) 
(41 . 0.0) 
(42 . 0.0) 
(91 . 0) 
(10 -69.6194 37.2522) 
(40 . 0.0) 
(41 . 0.0) 
(42 . 1.69012) 
(91 . 0) 
(10 -26.5309 42.858) 
(40 . 0.0) 
(41 . 0.0) 
(42 . -2.45341) 
(91 . 0) 
(10 -1.74023 38.7274) 
(40 . 0.0) 
(41 . 0.0) 
(42 . 0.0) 
(91 . 0) 
(210 0.0 0.0 1.0) 
