Command: PRINT_SELECT_DXF
select entity to get info
entget of last entity:
(-1 . <Entity name: 7fc21e3933e0>) 
(0 . "LWPOLYLINE") 
(330 . <Entity name: 7fc29b6de1f0>) 
(5 . "3EE") 
(100 . "AcDbEntity") 
(67 . 0) 
(410 . "Model") 
(8 . "0") 
(100 . "AcDbPolyline") 
(90 . 4) 
(70 . 1) 
(43 . 0.0) 
(38 . 0.0) 
(39 . 0.0) 
(10 0.0 0.0) 
(40 . 0.0) 
(41 . 0.0) 
(42 . 0.0) 
(91 . 0) 
(10 30.0 0.0) 
(40 . 0.0) 
(41 . 0.0) 
(42 . 1.0) 
(91 . 0) 
(10 30.0 30.0) 
(40 . 0.0) 
(41 . 0.0) 
(42 . 0.0) 
(91 . 0) 
(10 0.0 30.0) 
(40 . 0.0) 
(41 . 0.0) 
(42 . 1.0) 
(91 . 0) 
(210 0.0 0.0 1.0) 
