(-1 . <Entity name: 7fc668997e00>) 
(0 . "SPLINE") 
(330 . <Entity name: 7fc6689649f0>) 
(5 . "4F8") 
(100 . "AcDbEntity") 
(67 . 0) 
(410 . "Model") 
(8 . "0") 
(100 . "AcDbSpline") 
(210 0.0 0.0 1.0) 
(70 . 11) 
(71 . 3) 
(72 . 38) 
(73 . 34) 
(74 . 0) 
(42 . 1.0e-09) 
(43 . 1.0e-10) 
(40 . 0.0) 
(40 . 0.0) 
(40 . 0.0) 
(40 . 0.0) 
(40 . 0.292325) 
(40 . 0.292325) 
(40 . 0.584651) 
(40 . 0.584651) 
(40 . 0.876976) 
(40 . 0.876976) 
(40 . 1.46695) 
(40 . 1.46695) 
(40 . 2.05692) 
(40 . 2.05692) 
(40 . 2.48684) 
(40 . 2.48684) 
(40 . 2.8445) 
(40 . 2.8445) 
(40 . 3.20216) 
(40 . 3.20216) 
(40 . 3.55983) 
(40 . 3.55983) 
(40 . 3.91749) 
(40 . 3.91749) 
(40 . 4.27515) 
(40 . 4.27515) 
(40 . 4.63282) 
(40 . 4.63282) 
(40 . 5.14708) 
(40 . 5.14708) 
(40 . 5.66133) 
(40 . 5.66133) 
(40 . 6.00953) 
(40 . 6.00953) 
(40 . 6.28319) 
(40 . 6.28319) 
(40 . 6.28319) 
(40 . 6.28319) 
(10 9.5 1.95 0.0) 
(10 9.43341 1.95 0.0) 
(10 9.36553 1.93531 0.0) 
(10 9.21106 1.85938 0.0) 
(10 9.12523 1.79655 0.0) 
(10 8.95312 1.61051 0.0) 
(10 8.86762 1.48765 0.0) 
(10 8.6404 1.04147 0.0) 
(10 8.53379 0.640859 0.0) 
(10 8.48035 -0.1966 0.0) 
(10 8.53314 -0.631077 0.0) 
(10 8.73429 -1.25283 0.0) 
(10 8.85205 -1.47432 0.0) 
(10 9.08181 -1.76243 0.0) 
(10 9.18971 -1.84806 0.0) 
(10 9.37932 -1.94287 0.0) 
(10 9.45931 -1.95608 0.0) 
(10 9.62372 -1.9398 0.0) 
(10 9.71386 -1.90798 0.0) 
(10 9.91711 -1.76043 0.0) 
(10 10.027 -1.64323 0.0) 
(10 10.2256 -1.32497 0.0) 
(10 10.3138 -1.12495 0.0) 
(10 10.4426 -0.674759 0.0) 
(10 10.4834 -0.424933 0.0) 
(10 10.5137 0.195665 0.0) 
(10 10.4717 0.57089 0.0) 
(10 10.2874 1.21919 0.0) 
(10 10.1446 1.48992 0.0) 
(10 9.89145 1.78623 0.0) 
(10 9.78781 1.86269 0.0) 
(10 9.62563 1.93705 0.0) 
(10 9.56233 1.95 0.0) 
(10 9.5 1.95 0.0) 